#-----------------------------------------------------------
# Vivado v2018.1 (64-bit)
# SW Build 2188600 on Wed Apr  4 18:40:38 MDT 2018
# IP Build 2185939 on Wed Apr  4 20:55:05 MDT 2018
# Start of session at: Tue Feb 26 16:58:48 2019
# Process ID: 7712
# Current directory: D:/yuxiaoxu/pmod_camerat/532_pmod_camera_dist/src/managed_ip_project
# Command line: vivado.exe -gui_launcher_event rodinguilauncherevent12948 D:\yuxiaoxu\pmod_camerat\532_pmod_camera_dist\src\managed_ip_project\managed_ip_project.xpr
# Log file: D:/yuxiaoxu/pmod_camerat/532_pmod_camera_dist/src/managed_ip_project/vivado.log
# Journal file: D:/yuxiaoxu/pmod_camerat/532_pmod_camera_dist/src/managed_ip_project\vivado.jou
#-----------------------------------------------------------
start_gui
open_project D:/yuxiaoxu/pmod_camerat/532_pmod_camera_dist/src/managed_ip_project/managed_ip_project.xpr
Scanning sources...
Finished scanning sources
INFO: [IP_Flow 19-234] Refreshing IP repositories
INFO: [IP_Flow 19-1704] No user IP repositories specified
INFO: [IP_Flow 19-2313] Loaded Vivado IP repository 'D:/Vivado/2018.1/data/ip'.
open_project: Time (s): cpu = 00:00:09 ; elapsed = 00:00:07 . Memory (MB): peak = 787.266 ; gain = 80.609
ipx::infer_core -vendor xilinx.com -library user -taxonomy /UserIP D:/yuxiaoxu/pmod_camerat/532_pmod_camera_dist/src
WARNING: [filemgmt 56-99] Vivado Synthesis ignores library specification for Verilog or SystemVerilog files. [d:/yuxiaoxu/pmod_camerat/532_pmod_camera_dist/src/debounce.v:]
WARNING: [filemgmt 56-99] Vivado Synthesis ignores library specification for Verilog or SystemVerilog files. [d:/yuxiaoxu/pmod_camerat/532_pmod_camera_dist/src/I2C_AV_Config.v:]
WARNING: [filemgmt 56-99] Vivado Synthesis ignores library specification for Verilog or SystemVerilog files. [d:/yuxiaoxu/pmod_camerat/532_pmod_camera_dist/src/I2C_Controller.v:]
WARNING: [filemgmt 56-99] Vivado Synthesis ignores library specification for Verilog or SystemVerilog files. [d:/yuxiaoxu/pmod_camerat/532_pmod_camera_dist/src/I2C_OV7670_RGB444_Config.v:]
WARNING: [filemgmt 56-99] Vivado Synthesis ignores library specification for Verilog or SystemVerilog files. [d:/yuxiaoxu/pmod_camerat/532_pmod_camera_dist/src/ip/blk_mem_gen_0/blk_mem_gen_0_sim_netlist.v:]
WARNING: [filemgmt 56-99] Vivado Synthesis ignores library specification for Verilog or SystemVerilog files. [d:/yuxiaoxu/pmod_camerat/532_pmod_camera_dist/src/ip/blk_mem_gen_0/blk_mem_gen_0_stub.v:]
WARNING: [filemgmt 56-99] Vivado Synthesis ignores library specification for Verilog or SystemVerilog files. [d:/yuxiaoxu/pmod_camerat/532_pmod_camera_dist/src/ip/blk_mem_gen_0/blk_mem_gen_v8_3_3/simulation/blk_mem_gen_v8_3.v:]
WARNING: [filemgmt 56-99] Vivado Synthesis ignores library specification for Verilog or SystemVerilog files. [d:/yuxiaoxu/pmod_camerat/532_pmod_camera_dist/src/ip/blk_mem_gen_0/sim/blk_mem_gen_0.v:]
WARNING: [filemgmt 56-99] Vivado Synthesis ignores library specification for Verilog or SystemVerilog files. [d:/yuxiaoxu/pmod_camerat/532_pmod_camera_dist/src/ip/clk_wiz_0/clk_wiz_0.v:]
WARNING: [filemgmt 56-99] Vivado Synthesis ignores library specification for Verilog or SystemVerilog files. [d:/yuxiaoxu/pmod_camerat/532_pmod_camera_dist/src/ip/clk_wiz_0/clk_wiz_0_clk_wiz.v:]
WARNING: [filemgmt 56-99] Vivado Synthesis ignores library specification for Verilog or SystemVerilog files. [d:/yuxiaoxu/pmod_camerat/532_pmod_camera_dist/src/ip/clk_wiz_0/clk_wiz_0_sim_netlist.v:]
WARNING: [filemgmt 56-99] Vivado Synthesis ignores library specification for Verilog or SystemVerilog files. [d:/yuxiaoxu/pmod_camerat/532_pmod_camera_dist/src/ip/clk_wiz_0/clk_wiz_0_stub.v:]
WARNING: [filemgmt 56-99] Vivado Synthesis ignores library specification for Verilog or SystemVerilog files. [d:/yuxiaoxu/pmod_camerat/532_pmod_camera_dist/src/ip/clk_wiz_0/clk_wiz_v5_3_1/mmcm_pll_drp_func_7s_mmcm.vh:]
WARNING: [filemgmt 56-99] Vivado Synthesis ignores library specification for Verilog or SystemVerilog files. [d:/yuxiaoxu/pmod_camerat/532_pmod_camera_dist/src/ip/clk_wiz_0/clk_wiz_v5_3_1/mmcm_pll_drp_func_7s_pll.vh:]
WARNING: [filemgmt 56-99] Vivado Synthesis ignores library specification for Verilog or SystemVerilog files. [d:/yuxiaoxu/pmod_camerat/532_pmod_camera_dist/src/ip/clk_wiz_0/clk_wiz_v5_3_1/mmcm_pll_drp_func_us_mmcm.vh:]
WARNING: [filemgmt 56-99] Vivado Synthesis ignores library specification for Verilog or SystemVerilog files. [d:/yuxiaoxu/pmod_camerat/532_pmod_camera_dist/src/ip/clk_wiz_0/clk_wiz_v5_3_1/mmcm_pll_drp_func_us_pll.vh:]
WARNING: [filemgmt 56-99] Vivado Synthesis ignores library specification for Verilog or SystemVerilog files. [d:/yuxiaoxu/pmod_camerat/532_pmod_camera_dist/src/ov7670_capture.v:]
WARNING: [filemgmt 56-99] Vivado Synthesis ignores library specification for Verilog or SystemVerilog files. [d:/yuxiaoxu/pmod_camerat/532_pmod_camera_dist/src/ov7670_top.v:]
WARNING: [filemgmt 56-99] Vivado Synthesis ignores library specification for Verilog or SystemVerilog files. [d:/yuxiaoxu/pmod_camerat/532_pmod_camera_dist/src/vga444.v:]
WARNING: [Ipptcl 7-1467] The compile order has been set manually. This prevents the packager from updating                 it if necessary. If errors related to compile order occur, try enabling automatic                 reordering, or calling package_project with the -force_update_compile_order option
INFO: [IP_Flow 19-4833] Not packaging DCP derived file 'd:/yuxiaoxu/pmod_camerat/532_pmod_camera_dist/src/ip/blk_mem_gen_0/blk_mem_gen_0_sim_netlist.v'.
INFO: [IP_Flow 19-4833] Not packaging DCP derived file 'd:/yuxiaoxu/pmod_camerat/532_pmod_camera_dist/src/ip/blk_mem_gen_0/blk_mem_gen_0_sim_netlist.vhdl'.
INFO: [IP_Flow 19-4833] Not packaging DCP derived file 'd:/yuxiaoxu/pmod_camerat/532_pmod_camera_dist/src/ip/blk_mem_gen_0/blk_mem_gen_0_stub.v'.
INFO: [IP_Flow 19-4833] Not packaging DCP derived file 'd:/yuxiaoxu/pmod_camerat/532_pmod_camera_dist/src/ip/blk_mem_gen_0/blk_mem_gen_0_stub.vhdl'.
INFO: [IP_Flow 19-4833] Not packaging DCP derived file 'd:/yuxiaoxu/pmod_camerat/532_pmod_camera_dist/src/ip/clk_wiz_0/clk_wiz_0_sim_netlist.v'.
INFO: [IP_Flow 19-4833] Not packaging DCP derived file 'd:/yuxiaoxu/pmod_camerat/532_pmod_camera_dist/src/ip/clk_wiz_0/clk_wiz_0_sim_netlist.vhdl'.
INFO: [IP_Flow 19-4833] Not packaging DCP derived file 'd:/yuxiaoxu/pmod_camerat/532_pmod_camera_dist/src/ip/clk_wiz_0/clk_wiz_0_stub.v'.
INFO: [IP_Flow 19-4833] Not packaging DCP derived file 'd:/yuxiaoxu/pmod_camerat/532_pmod_camera_dist/src/ip/clk_wiz_0/clk_wiz_0_stub.vhdl'.
INFO: [IP_Flow 19-2181] Payment Required is not set for this core.
INFO: [IP_Flow 19-2187] The Product Guide file is missing.
INFO: [IP_Flow 19-2181] Payment Required is not set for this core.
INFO: [IP_Flow 19-2187] The Product Guide file is missing.
ipx::infer_core: Time (s): cpu = 00:00:12 ; elapsed = 00:00:35 . Memory (MB): peak = 799.070 ; gain = 0.000
ipx::edit_ip_in_project -upgrade true -name pmod_camera_ip -directory D:/yuxiaoxu/pmod_camerat/532_pmod_camera_dist/src/managed_ip_project/managed_ip_project.tmp d:/yuxiaoxu/pmod_camerat/532_pmod_camera_dist/src/component.xml
INFO: [ProjectBase 1-489] The host OS only allows 260 characters in a normal path. The project is stored in a path with more than 80 characters. If you experience issues with IP, Block Designs, or files not being found, please consider moving the project to a location with a shorter path. Alternately consider using the OS subst command to map part of the path to a drive letter.
Current project path is 'd:/yuxiaoxu/pmod_camerat/532_pmod_camera_dist/src/managed_ip_project/managed_ip_project.tmp'
INFO: [IP_Flow 19-234] Refreshing IP repositories
INFO: [IP_Flow 19-1704] No user IP repositories specified
INFO: [IP_Flow 19-2313] Loaded Vivado IP repository 'D:/Vivado/2018.1/data/ip'.
create_project: Time (s): cpu = 00:00:08 ; elapsed = 00:00:05 . Memory (MB): peak = 830.129 ; gain = 31.059
INFO: [IP_Flow 19-795] Syncing license key meta-data
ipx::edit_ip_in_project: Time (s): cpu = 00:00:12 ; elapsed = 00:00:08 . Memory (MB): peak = 856.680 ; gain = 57.609
ipx::current_core d:/yuxiaoxu/pmod_camerat/532_pmod_camera_dist/src/component.xml
update_compile_order -fileset sources_1
set_property top ov7670_top [current_fileset]
update_compile_order -fileset sources_1
ipx::merge_project_changes files [ipx::current_core]
WARNING: [IP_Flow 19-3833] Unreferenced file from the top module is not packaged: 'd:/yuxiaoxu/pmod_camerat/532_pmod_camera_dist/src/ip/blk_mem_gen_0/blk_mem_gen_v8_3_3/hdl/blk_mem_gen_v8_3.vhd'.
WARNING: [IP_Flow 19-3833] Unreferenced file from the top module is not packaged: 'd:/yuxiaoxu/pmod_camerat/532_pmod_camera_dist/src/ip/blk_mem_gen_0/blk_mem_gen_v8_3_3/hdl/blk_mem_gen_v8_3_vhsyn_rfs.vhd'.
WARNING: [IP_Flow 19-3833] Unreferenced file from the top module is not packaged: 'd:/yuxiaoxu/pmod_camerat/532_pmod_camera_dist/src/ip/blk_mem_gen_0/misc/blk_mem_gen_v8_3.vhd'.
WARNING: [IP_Flow 19-3833] Unreferenced file from the top module is not packaged: 'd:/yuxiaoxu/pmod_camerat/532_pmod_camera_dist/src/ip/blk_mem_gen_0/synth/blk_mem_gen_0.vhd'.
WARNING: [IP_Flow 19-3833] Unreferenced file from the top module is not packaged: 'd:/yuxiaoxu/pmod_camerat/532_pmod_camera_dist/src/ip/clk_wiz_0/clk_wiz_v5_3_1/mmcm_pll_drp_func_7s_mmcm.vh'.
WARNING: [IP_Flow 19-3833] Unreferenced file from the top module is not packaged: 'd:/yuxiaoxu/pmod_camerat/532_pmod_camera_dist/src/ip/clk_wiz_0/clk_wiz_v5_3_1/mmcm_pll_drp_func_7s_pll.vh'.
WARNING: [IP_Flow 19-3833] Unreferenced file from the top module is not packaged: 'd:/yuxiaoxu/pmod_camerat/532_pmod_camera_dist/src/ip/clk_wiz_0/clk_wiz_v5_3_1/mmcm_pll_drp_func_us_mmcm.vh'.
WARNING: [IP_Flow 19-3833] Unreferenced file from the top module is not packaged: 'd:/yuxiaoxu/pmod_camerat/532_pmod_camera_dist/src/ip/clk_wiz_0/clk_wiz_v5_3_1/mmcm_pll_drp_func_us_pll.vh'.
WARNING: [IP_Flow 19-5226] Project source file 'd:/yuxiaoxu/pmod_camerat/532_pmod_camera_dist/src/component.xml' ignored by IP packager.
WARNING: [IP_Flow 19-5109] File Group 'xilinx_anylanguagesynthesis (Synthesis)': File 'd:/yuxiaoxu/pmod_camerat/532_pmod_camera_dist/src/ip/blk_mem_gen_0/blk_mem_gen_v8_3_3/hdl/blk_mem_gen_v8_3.vhd' does not exist in the project sources. It has been removed from the packaged IP. If still required, please add this file to the project, merge sources and re-package.
WARNING: [IP_Flow 19-5109] File Group 'xilinx_anylanguagesynthesis (Synthesis)': File 'd:/yuxiaoxu/pmod_camerat/532_pmod_camera_dist/src/ip/blk_mem_gen_0/blk_mem_gen_v8_3_3/hdl/blk_mem_gen_v8_3_vhsyn_rfs.vhd' does not exist in the project sources. It has been removed from the packaged IP. If still required, please add this file to the project, merge sources and re-package.
WARNING: [IP_Flow 19-5109] File Group 'xilinx_anylanguagesynthesis (Synthesis)': File 'd:/yuxiaoxu/pmod_camerat/532_pmod_camera_dist/src/ip/blk_mem_gen_0/misc/blk_mem_gen_v8_3.vhd' does not exist in the project sources. It has been removed from the packaged IP. If still required, please add this file to the project, merge sources and re-package.
WARNING: [IP_Flow 19-5109] File Group 'xilinx_anylanguagesynthesis (Synthesis)': File 'd:/yuxiaoxu/pmod_camerat/532_pmod_camera_dist/src/ip/blk_mem_gen_0/synth/blk_mem_gen_0.vhd' does not exist in the project sources. It has been removed from the packaged IP. If still required, please add this file to the project, merge sources and re-package.
WARNING: [IP_Flow 19-5109] File Group 'xilinx_anylanguagesynthesis (Synthesis)': File 'd:/yuxiaoxu/pmod_camerat/532_pmod_camera_dist/src/ip/clk_wiz_0/clk_wiz_v5_3_1/mmcm_pll_drp_func_7s_mmcm.vh' does not exist in the project sources. It has been removed from the packaged IP. If still required, please add this file to the project, merge sources and re-package.
WARNING: [IP_Flow 19-5109] File Group 'xilinx_anylanguagesynthesis (Synthesis)': File 'd:/yuxiaoxu/pmod_camerat/532_pmod_camera_dist/src/ip/clk_wiz_0/clk_wiz_v5_3_1/mmcm_pll_drp_func_7s_pll.vh' does not exist in the project sources. It has been removed from the packaged IP. If still required, please add this file to the project, merge sources and re-package.
WARNING: [IP_Flow 19-5109] File Group 'xilinx_anylanguagesynthesis (Synthesis)': File 'd:/yuxiaoxu/pmod_camerat/532_pmod_camera_dist/src/ip/clk_wiz_0/clk_wiz_v5_3_1/mmcm_pll_drp_func_us_mmcm.vh' does not exist in the project sources. It has been removed from the packaged IP. If still required, please add this file to the project, merge sources and re-package.
WARNING: [IP_Flow 19-5109] File Group 'xilinx_anylanguagesynthesis (Synthesis)': File 'd:/yuxiaoxu/pmod_camerat/532_pmod_camera_dist/src/ip/clk_wiz_0/clk_wiz_v5_3_1/mmcm_pll_drp_func_us_pll.vh' does not exist in the project sources. It has been removed from the packaged IP. If still required, please add this file to the project, merge sources and re-package.
WARNING: [IP_Flow 19-5109] File Group 'xilinx_anylanguagebehavioralsimulation (Simulation)': File 'd:/yuxiaoxu/pmod_camerat/532_pmod_camera_dist/src/ip/blk_mem_gen_0/blk_mem_gen_v8_3_3/hdl/blk_mem_gen_v8_3.vhd' does not exist in the project sources. It has been removed from the packaged IP. If still required, please add this file to the project, merge sources and re-package.
WARNING: [IP_Flow 19-5109] File Group 'xilinx_anylanguagebehavioralsimulation (Simulation)': File 'd:/yuxiaoxu/pmod_camerat/532_pmod_camera_dist/src/ip/blk_mem_gen_0/blk_mem_gen_v8_3_3/hdl/blk_mem_gen_v8_3_vhsyn_rfs.vhd' does not exist in the project sources. It has been removed from the packaged IP. If still required, please add this file to the project, merge sources and re-package.
WARNING: [IP_Flow 19-5109] File Group 'xilinx_anylanguagebehavioralsimulation (Simulation)': File 'd:/yuxiaoxu/pmod_camerat/532_pmod_camera_dist/src/ip/blk_mem_gen_0/misc/blk_mem_gen_v8_3.vhd' does not exist in the project sources. It has been removed from the packaged IP. If still required, please add this file to the project, merge sources and re-package.
WARNING: [IP_Flow 19-5109] File Group 'xilinx_anylanguagebehavioralsimulation (Simulation)': File 'd:/yuxiaoxu/pmod_camerat/532_pmod_camera_dist/src/ip/blk_mem_gen_0/synth/blk_mem_gen_0.vhd' does not exist in the project sources. It has been removed from the packaged IP. If still required, please add this file to the project, merge sources and re-package.
WARNING: [IP_Flow 19-5109] File Group 'xilinx_anylanguagebehavioralsimulation (Simulation)': File 'd:/yuxiaoxu/pmod_camerat/532_pmod_camera_dist/src/ip/clk_wiz_0/clk_wiz_v5_3_1/mmcm_pll_drp_func_7s_mmcm.vh' does not exist in the project sources. It has been removed from the packaged IP. If still required, please add this file to the project, merge sources and re-package.
WARNING: [IP_Flow 19-5109] File Group 'xilinx_anylanguagebehavioralsimulation (Simulation)': File 'd:/yuxiaoxu/pmod_camerat/532_pmod_camera_dist/src/ip/clk_wiz_0/clk_wiz_v5_3_1/mmcm_pll_drp_func_7s_pll.vh' does not exist in the project sources. It has been removed from the packaged IP. If still required, please add this file to the project, merge sources and re-package.
WARNING: [IP_Flow 19-5109] File Group 'xilinx_anylanguagebehavioralsimulation (Simulation)': File 'd:/yuxiaoxu/pmod_camerat/532_pmod_camera_dist/src/ip/clk_wiz_0/clk_wiz_v5_3_1/mmcm_pll_drp_func_us_mmcm.vh' does not exist in the project sources. It has been removed from the packaged IP. If still required, please add this file to the project, merge sources and re-package.
WARNING: [IP_Flow 19-5109] File Group 'xilinx_anylanguagebehavioralsimulation (Simulation)': File 'd:/yuxiaoxu/pmod_camerat/532_pmod_camera_dist/src/ip/clk_wiz_0/clk_wiz_v5_3_1/mmcm_pll_drp_func_us_pll.vh' does not exist in the project sources. It has been removed from the packaged IP. If still required, please add this file to the project, merge sources and re-package.
ipx::merge_project_changes hdl_parameters [ipx::current_core]
WARNING: [IP_Flow 19-3833] Unreferenced file from the top module is not packaged: 'd:/yuxiaoxu/pmod_camerat/532_pmod_camera_dist/src/ip/blk_mem_gen_0/blk_mem_gen_v8_3_3/hdl/blk_mem_gen_v8_3.vhd'.
WARNING: [IP_Flow 19-3833] Unreferenced file from the top module is not packaged: 'd:/yuxiaoxu/pmod_camerat/532_pmod_camera_dist/src/ip/blk_mem_gen_0/blk_mem_gen_v8_3_3/hdl/blk_mem_gen_v8_3_vhsyn_rfs.vhd'.
WARNING: [IP_Flow 19-3833] Unreferenced file from the top module is not packaged: 'd:/yuxiaoxu/pmod_camerat/532_pmod_camera_dist/src/ip/blk_mem_gen_0/misc/blk_mem_gen_v8_3.vhd'.
WARNING: [IP_Flow 19-3833] Unreferenced file from the top module is not packaged: 'd:/yuxiaoxu/pmod_camerat/532_pmod_camera_dist/src/ip/blk_mem_gen_0/synth/blk_mem_gen_0.vhd'.
WARNING: [IP_Flow 19-3833] Unreferenced file from the top module is not packaged: 'd:/yuxiaoxu/pmod_camerat/532_pmod_camera_dist/src/ip/clk_wiz_0/clk_wiz_v5_3_1/mmcm_pll_drp_func_7s_mmcm.vh'.
WARNING: [IP_Flow 19-3833] Unreferenced file from the top module is not packaged: 'd:/yuxiaoxu/pmod_camerat/532_pmod_camera_dist/src/ip/clk_wiz_0/clk_wiz_v5_3_1/mmcm_pll_drp_func_7s_pll.vh'.
WARNING: [IP_Flow 19-3833] Unreferenced file from the top module is not packaged: 'd:/yuxiaoxu/pmod_camerat/532_pmod_camera_dist/src/ip/clk_wiz_0/clk_wiz_v5_3_1/mmcm_pll_drp_func_us_mmcm.vh'.
WARNING: [IP_Flow 19-3833] Unreferenced file from the top module is not packaged: 'd:/yuxiaoxu/pmod_camerat/532_pmod_camera_dist/src/ip/clk_wiz_0/clk_wiz_v5_3_1/mmcm_pll_drp_func_us_pll.vh'.
WARNING: [IP_Flow 19-5226] Project source file 'd:/yuxiaoxu/pmod_camerat/532_pmod_camera_dist/src/component.xml' ignored by IP packager.
INFO: [IP_Flow 7-560]  
INFO: [IP_Flow 7-560]  
INFO: [IP_Flow 19-5107] Inferred bus interface 'reset' of definition 'xilinx.com:signal:reset:1.0' (from Xilinx Repository).
update_compile_order -fileset sources_1
ipx::merge_project_changes files [ipx::current_core]
WARNING: [IP_Flow 19-3833] Unreferenced file from the top module is not packaged: 'd:/yuxiaoxu/pmod_camerat/532_pmod_camera_dist/src/vga444.v'.
WARNING: [IP_Flow 19-3833] Unreferenced file from the top module is not packaged: 'd:/yuxiaoxu/pmod_camerat/532_pmod_camera_dist/src/ip/blk_mem_gen_0/blk_mem_gen_v8_3_3/hdl/blk_mem_gen_v8_3.vhd'.
WARNING: [IP_Flow 19-3833] Unreferenced file from the top module is not packaged: 'd:/yuxiaoxu/pmod_camerat/532_pmod_camera_dist/src/ip/blk_mem_gen_0/blk_mem_gen_v8_3_3/hdl/blk_mem_gen_v8_3_vhsyn_rfs.vhd'.
WARNING: [IP_Flow 19-3833] Unreferenced file from the top module is not packaged: 'd:/yuxiaoxu/pmod_camerat/532_pmod_camera_dist/src/ip/blk_mem_gen_0/misc/blk_mem_gen_v8_3.vhd'.
WARNING: [IP_Flow 19-3833] Unreferenced file from the top module is not packaged: 'd:/yuxiaoxu/pmod_camerat/532_pmod_camera_dist/src/ip/blk_mem_gen_0/synth/blk_mem_gen_0.vhd'.
WARNING: [IP_Flow 19-3833] Unreferenced file from the top module is not packaged: 'd:/yuxiaoxu/pmod_camerat/532_pmod_camera_dist/src/ip/clk_wiz_0/clk_wiz_v5_3_1/mmcm_pll_drp_func_7s_mmcm.vh'.
WARNING: [IP_Flow 19-3833] Unreferenced file from the top module is not packaged: 'd:/yuxiaoxu/pmod_camerat/532_pmod_camera_dist/src/ip/clk_wiz_0/clk_wiz_v5_3_1/mmcm_pll_drp_func_7s_pll.vh'.
WARNING: [IP_Flow 19-3833] Unreferenced file from the top module is not packaged: 'd:/yuxiaoxu/pmod_camerat/532_pmod_camera_dist/src/ip/clk_wiz_0/clk_wiz_v5_3_1/mmcm_pll_drp_func_us_mmcm.vh'.
WARNING: [IP_Flow 19-3833] Unreferenced file from the top module is not packaged: 'd:/yuxiaoxu/pmod_camerat/532_pmod_camera_dist/src/ip/clk_wiz_0/clk_wiz_v5_3_1/mmcm_pll_drp_func_us_pll.vh'.
WARNING: [IP_Flow 19-5226] Project source file 'd:/yuxiaoxu/pmod_camerat/532_pmod_camera_dist/src/component.xml' ignored by IP packager.
WARNING: [IP_Flow 19-5109] File Group 'xilinx_anylanguagesynthesis (Synthesis)': File 'd:/yuxiaoxu/pmod_camerat/532_pmod_camera_dist/src/vga444.v' does not exist in the project sources. It has been removed from the packaged IP. If still required, please add this file to the project, merge sources and re-package.
WARNING: [IP_Flow 19-5109] File Group 'xilinx_anylanguagebehavioralsimulation (Simulation)': File 'd:/yuxiaoxu/pmod_camerat/532_pmod_camera_dist/src/vga444.v' does not exist in the project sources. It has been removed from the packaged IP. If still required, please add this file to the project, merge sources and re-package.
ipx::add_address_space reset [ipx::current_core]
set_property master_address_space_ref reset [ipx::get_bus_interfaces reset -of_objects [ipx::current_core]]
export_ip_user_files -of_objects  [get_files d:/yuxiaoxu/pmod_camerat/532_pmod_camera_dist/src/nexys4_ov7670.xdc] -no_script -reset -force -quiet
remove_files  -fileset constrs_1 d:/yuxiaoxu/pmod_camerat/532_pmod_camera_dist/src/nexys4_ov7670.xdc
ipx::merge_project_changes files [ipx::current_core]
WARNING: [IP_Flow 19-3833] Unreferenced file from the top module is not packaged: 'd:/yuxiaoxu/pmod_camerat/532_pmod_camera_dist/src/vga444.v'.
WARNING: [IP_Flow 19-3833] Unreferenced file from the top module is not packaged: 'd:/yuxiaoxu/pmod_camerat/532_pmod_camera_dist/src/ip/blk_mem_gen_0/blk_mem_gen_v8_3_3/hdl/blk_mem_gen_v8_3.vhd'.
WARNING: [IP_Flow 19-3833] Unreferenced file from the top module is not packaged: 'd:/yuxiaoxu/pmod_camerat/532_pmod_camera_dist/src/ip/blk_mem_gen_0/blk_mem_gen_v8_3_3/hdl/blk_mem_gen_v8_3_vhsyn_rfs.vhd'.
WARNING: [IP_Flow 19-3833] Unreferenced file from the top module is not packaged: 'd:/yuxiaoxu/pmod_camerat/532_pmod_camera_dist/src/ip/blk_mem_gen_0/misc/blk_mem_gen_v8_3.vhd'.
WARNING: [IP_Flow 19-3833] Unreferenced file from the top module is not packaged: 'd:/yuxiaoxu/pmod_camerat/532_pmod_camera_dist/src/ip/blk_mem_gen_0/synth/blk_mem_gen_0.vhd'.
WARNING: [IP_Flow 19-3833] Unreferenced file from the top module is not packaged: 'd:/yuxiaoxu/pmod_camerat/532_pmod_camera_dist/src/ip/clk_wiz_0/clk_wiz_v5_3_1/mmcm_pll_drp_func_7s_mmcm.vh'.
WARNING: [IP_Flow 19-3833] Unreferenced file from the top module is not packaged: 'd:/yuxiaoxu/pmod_camerat/532_pmod_camera_dist/src/ip/clk_wiz_0/clk_wiz_v5_3_1/mmcm_pll_drp_func_7s_pll.vh'.
WARNING: [IP_Flow 19-3833] Unreferenced file from the top module is not packaged: 'd:/yuxiaoxu/pmod_camerat/532_pmod_camera_dist/src/ip/clk_wiz_0/clk_wiz_v5_3_1/mmcm_pll_drp_func_us_mmcm.vh'.
WARNING: [IP_Flow 19-3833] Unreferenced file from the top module is not packaged: 'd:/yuxiaoxu/pmod_camerat/532_pmod_camera_dist/src/ip/clk_wiz_0/clk_wiz_v5_3_1/mmcm_pll_drp_func_us_pll.vh'.
WARNING: [IP_Flow 19-5226] Project source file 'd:/yuxiaoxu/pmod_camerat/532_pmod_camera_dist/src/component.xml' ignored by IP packager.
WARNING: [IP_Flow 19-5109] File Group 'xilinx_anylanguagesynthesis (Synthesis)': File 'd:/yuxiaoxu/pmod_camerat/532_pmod_camera_dist/src/nexys4_ov7670.xdc' does not exist in the project sources. It has been removed from the packaged IP. If still required, please add this file to the project, merge sources and re-package.
set_property core_revision 2 [ipx::current_core]
ipx::update_source_project_archive -component [ipx::current_core]
ipx::create_xgui_files [ipx::current_core]
ipx::update_checksums [ipx::current_core]
ipx::save_core [ipx::current_core]
ipx::move_temp_component_back -component [ipx::current_core]
close_project -delete
set_property  ip_repo_paths  d:/yuxiaoxu/pmod_camerat/532_pmod_camera_dist/src [current_project]
update_ip_catalog
INFO: [IP_Flow 19-234] Refreshing IP repositories
INFO: [IP_Flow 19-1700] Loaded user IP repository 'd:/yuxiaoxu/pmod_camerat/532_pmod_camera_dist/src'.
WARNING: [IP_Flow 19-3656] If you move the project, the path for repository 'd:/yuxiaoxu/pmod_camerat/532_pmod_camera_dist/src' may become invalid. A better location for the repository would be in a path adjacent to the project. (Current project location is 'd:/yuxiaoxu/pmod_camerat/532_pmod_camera_dist/src/managed_ip_project'.)
ipx::edit_ip_in_project -upgrade true -name vga444_v1_0_project -directory D:/yuxiaoxu/pmod_camerat/532_pmod_camera_dist/src/managed_ip_project/managed_ip_project.tmp/vga444_v1_0_project d:/yuxiaoxu/pmod_camerat/532_pmod_camera_dist/src/component.xml
INFO: [ProjectBase 1-489] The host OS only allows 260 characters in a normal path. The project is stored in a path with more than 80 characters. If you experience issues with IP, Block Designs, or files not being found, please consider moving the project to a location with a shorter path. Alternately consider using the OS subst command to map part of the path to a drive letter.
Current project path is 'd:/yuxiaoxu/pmod_camerat/532_pmod_camera_dist/src/managed_ip_project/managed_ip_project.tmp/vga444_v1_0_project'
INFO: [IP_Flow 19-234] Refreshing IP repositories
INFO: [IP_Flow 19-1704] No user IP repositories specified
INFO: [IP_Flow 19-2313] Loaded Vivado IP repository 'D:/Vivado/2018.1/data/ip'.
INFO: [IP_Flow 19-234] Refreshing IP repositories
INFO: [IP_Flow 19-1700] Loaded user IP repository 'd:/yuxiaoxu/pmod_camerat/532_pmod_camera_dist/src'.
WARNING: [IP_Flow 19-3656] If you move the project, the path for repository 'd:/yuxiaoxu/pmod_camerat/532_pmod_camera_dist/src' may become invalid. A better location for the repository would be in a path adjacent to the project. (Current project location is 'd:/yuxiaoxu/pmod_camerat/532_pmod_camera_dist/src/managed_ip_project/managed_ip_project.tmp/vga444_v1_0_project'.)
INFO: [IP_Flow 19-795] Syncing license key meta-data
ipx::edit_ip_in_project: Time (s): cpu = 00:00:07 ; elapsed = 00:00:06 . Memory (MB): peak = 916.246 ; gain = 0.000
update_compile_order -fileset sources_1
ipx::remove_all_port [ipx::current_core]
ipx::add_ports_from_hdl [ipx::current_core] -top_level_hdl_file d:/yuxiaoxu/pmod_camerat/532_pmod_camera_dist/src/ov7670_top.v -top_module_name ov7670_top
ipx::remove_all_port [ipx::current_core]
ipx::add_ports_from_hdl [ipx::current_core] -top_level_hdl_file d:/yuxiaoxu/pmod_camerat/532_pmod_camera_dist/src/ov7670_top.v -top_module_name ov7670_top
ipx::remove_address_space reset [ipx::current_core]
ipx::add_port_map RST [ipx::get_bus_interfaces reset -of_objects [ipx::current_core]]
set_property physical_name reset [ipx::get_port_maps RST -of_objects [ipx::get_bus_interfaces reset -of_objects [ipx::current_core]]]
ipx::remove_bus_interface reset [ipx::current_core]
set_property previous_version_for_upgrade xilinx.com:user:vga444:1.0 [ipx::current_core]
set_property core_revision 1 [ipx::current_core]
ipx::create_xgui_files [ipx::current_core]
ipx::update_checksums [ipx::current_core]
ipx::save_core [ipx::current_core]
ipx::move_temp_component_back -component [ipx::current_core]
close_project -delete
update_ip_catalog -rebuild -repo_path d:/yuxiaoxu/pmod_camerat/532_pmod_camera_dist/src
INFO: [IP_Flow 19-725] Reloaded user IP repository 'd:/yuxiaoxu/pmod_camerat/532_pmod_camera_dist/src'
exit
INFO: [Common 17-206] Exiting Vivado at Tue Feb 26 17:34:57 2019...
